C:\USERS\ALEX\DESKTOP\ALTERNATIVE\LIB\BUILD\SYSTEM\SYSTEM.DIR\DEBUG\STREAM.OBJ
C:\USERS\ALEX\DESKTOP\ALTERNATIVE\LIB\BUILD\SYSTEM\SYSTEM.DIR\DEBUG\GCPTR.OBJ
C:\USERS\ALEX\DESKTOP\ALTERNATIVE\LIB\BUILD\SYSTEM\SYSTEM.DIR\DEBUG\GC.OBJ
C:\USERS\ALEX\DESKTOP\ALTERNATIVE\LIB\BUILD\SYSTEM\SYSTEM.DIR\DEBUG\CONVERT.OBJ
C:\USERS\ALEX\DESKTOP\ALTERNATIVE\LIB\BUILD\SYSTEM\SYSTEM.DIR\DEBUG\RANDOM.OBJ
C:\USERS\ALEX\DESKTOP\ALTERNATIVE\LIB\BUILD\SYSTEM\CMAKEFILES\GENERATE.STAMP
C:\Users\Alex\Desktop\AlterNative\Lib\build\System\System.dir\Debug\Console.obj
C:\Users\Alex\Desktop\AlterNative\Lib\build\System\System.dir\Debug\Convert.obj
C:\Users\Alex\Desktop\AlterNative\Lib\build\System\System.dir\Debug\File.obj
C:\Users\Alex\Desktop\AlterNative\Lib\build\System\System.dir\Debug\FileStream.obj
C:\Users\Alex\Desktop\AlterNative\Lib\build\System\System.dir\Debug\GC.obj
C:\Users\Alex\Desktop\AlterNative\Lib\build\System\System.dir\Debug\gcptr.obj
C:\Users\Alex\Desktop\AlterNative\Lib\build\System\System.dir\Debug\Math.obj
C:\Users\Alex\Desktop\AlterNative\Lib\build\System\System.dir\Debug\NotImplementedException.obj
C:\Users\Alex\Desktop\AlterNative\Lib\build\System\System.dir\Debug\Object.obj
C:\Users\Alex\Desktop\AlterNative\Lib\build\System\System.dir\Debug\Random.obj
C:\Users\Alex\Desktop\AlterNative\Lib\build\System\System.dir\Debug\Stream.obj
C:\Users\Alex\Desktop\AlterNative\Lib\build\System\System.dir\Debug\StreamReaderCXX.obj
C:\Users\Alex\Desktop\AlterNative\Lib\build\System\System.dir\Debug\StreamWriterCXX.obj
C:\Users\Alex\Desktop\AlterNative\Lib\build\System\System.dir\Debug\String.obj
C:\Users\Alex\Desktop\AlterNative\Lib\build\System\System.dir\Debug\StringBuilder.obj
C:\Users\Alex\Desktop\AlterNative\Lib\build\System\System.dir\Debug\TextReader.obj
C:\Users\Alex\Desktop\AlterNative\Lib\build\System\System.dir\Debug\TextWriter.obj
C:\Users\Alex\Desktop\AlterNative\Lib\build\System\System.dir\Debug\UTF8Encoding.obj
C:\Users\Alex\Desktop\AlterNative\Lib\build\System\System.dir\Debug\cl.command.1.tlog
C:\Users\Alex\Desktop\AlterNative\Lib\build\System\System.dir\Debug\CL.read.1.tlog
C:\Users\Alex\Desktop\AlterNative\Lib\build\System\System.dir\Debug\CL.write.1.tlog
C:\Users\Alex\Desktop\AlterNative\Lib\build\System\System.dir\Debug\custombuild.command.1.tlog
C:\Users\Alex\Desktop\AlterNative\Lib\build\System\System.dir\Debug\custombuild.read.1.tlog
C:\Users\Alex\Desktop\AlterNative\Lib\build\System\System.dir\Debug\custombuild.write.1.tlog
C:\Users\Alex\Desktop\AlterNative\Lib\build\System\Debug\System.pdb
