C:\USERS\ALEX\DESKTOP\ALTERNATIVE\LIB\BUILD\GC\GC-LIB.DIR\DEBUG\MALLOCX.OBJ
C:\USERS\ALEX\DESKTOP\ALTERNATIVE\LIB\BUILD\GC\GC-LIB.DIR\DEBUG\PTR_CHCK.OBJ
C:\USERS\ALEX\DESKTOP\ALTERNATIVE\LIB\BUILD\GC\GC-LIB.DIR\DEBUG\TYPD_MLC.OBJ
C:\USERS\ALEX\DESKTOP\ALTERNATIVE\LIB\BUILD\GC\GC-LIB.DIR\DEBUG\DYN_LOAD.OBJ
C:\USERS\ALEX\DESKTOP\ALTERNATIVE\LIB\BUILD\GC\GC-LIB.DIR\DEBUG\STUBBORN.OBJ
C:\USERS\ALEX\DESKTOP\ALTERNATIVE\LIB\BUILD\GC\GC-LIB.DIR\DEBUG\MALLOC.OBJ
C:\USERS\ALEX\DESKTOP\ALTERNATIVE\LIB\BUILD\GC\GC-LIB.DIR\DEBUG\DBG_MLC.OBJ
C:\USERS\ALEX\DESKTOP\ALTERNATIVE\LIB\BUILD\GC\GC-LIB.DIR\DEBUG\NEW_HBLK.OBJ
C:\USERS\ALEX\DESKTOP\ALTERNATIVE\LIB\BUILD\GC\GC-LIB.DIR\DEBUG\FINALIZE.OBJ
C:\USERS\ALEX\DESKTOP\ALTERNATIVE\LIB\BUILD\GC\GC-LIB.DIR\DEBUG\BLACKLST.OBJ
C:\USERS\ALEX\DESKTOP\ALTERNATIVE\LIB\BUILD\GC\GC-LIB.DIR\DEBUG\OBJ_MAP.OBJ
C:\USERS\ALEX\DESKTOP\ALTERNATIVE\LIB\BUILD\GC\GC-LIB.DIR\DEBUG\MARK.OBJ
C:\USERS\ALEX\DESKTOP\ALTERNATIVE\LIB\BUILD\GC\GC-LIB.DIR\DEBUG\HEADERS.OBJ
C:\USERS\ALEX\DESKTOP\ALTERNATIVE\LIB\BUILD\GC\GC-LIB.DIR\DEBUG\MARK_RTS.OBJ
C:\USERS\ALEX\DESKTOP\ALTERNATIVE\LIB\BUILD\GC\GC-LIB.DIR\DEBUG\OS_DEP.OBJ
C:\USERS\ALEX\DESKTOP\ALTERNATIVE\LIB\BUILD\GC\GC-LIB.DIR\DEBUG\MACH_DEP.OBJ
C:\USERS\ALEX\DESKTOP\ALTERNATIVE\LIB\BUILD\GC\GC-LIB.DIR\DEBUG\MISC.OBJ
C:\USERS\ALEX\DESKTOP\ALTERNATIVE\LIB\BUILD\GC\GC-LIB.DIR\DEBUG\ALLCHBLK.OBJ
C:\USERS\ALEX\DESKTOP\ALTERNATIVE\LIB\BUILD\GC\GC-LIB.DIR\DEBUG\RECLAIM.OBJ
C:\USERS\ALEX\DESKTOP\ALTERNATIVE\LIB\BUILD\GC\GC-LIB.DIR\DEBUG\ALLOC.OBJ
C:\USERS\ALEX\DESKTOP\ALTERNATIVE\LIB\BUILD\GC\GC-LIB.DIR\DEBUG\THREAD_LOCAL_ALLOC.OBJ
C:\USERS\ALEX\DESKTOP\ALTERNATIVE\LIB\BUILD\GC\GC-LIB.DIR\DEBUG\CHECKSUMS.OBJ
C:\USERS\ALEX\DESKTOP\ALTERNATIVE\LIB\BUILD\GC\DEBUG\GC-LIB.PDB
C:\USERS\ALEX\DESKTOP\ALTERNATIVE\LIB\BUILD\GC\GC-LIB.DIR\DEBUG\GC_CPP.OBJ
C:\USERS\ALEX\DESKTOP\ALTERNATIVE\LIB\BUILD\GC\CMAKEFILES\GENERATE.STAMP
C:\USERS\ALEX\DESKTOP\ALTERNATIVE\LIB\BUILD\GC\DEBUG\GC-LIB.LIB
C:\Users\Alex\Desktop\AlterNative\Lib\build\gc\gc-lib.dir\Debug\allchblk.obj
C:\Users\Alex\Desktop\AlterNative\Lib\build\gc\gc-lib.dir\Debug\alloc.obj
C:\Users\Alex\Desktop\AlterNative\Lib\build\gc\gc-lib.dir\Debug\blacklst.obj
C:\Users\Alex\Desktop\AlterNative\Lib\build\gc\gc-lib.dir\Debug\checksums.obj
C:\Users\Alex\Desktop\AlterNative\Lib\build\gc\gc-lib.dir\Debug\dbg_mlc.obj
C:\Users\Alex\Desktop\AlterNative\Lib\build\gc\gc-lib.dir\Debug\dyn_load.obj
C:\Users\Alex\Desktop\AlterNative\Lib\build\gc\gc-lib.dir\Debug\finalize.obj
C:\Users\Alex\Desktop\AlterNative\Lib\build\gc\gc-lib.dir\Debug\gc_cpp.obj
C:\Users\Alex\Desktop\AlterNative\Lib\build\gc\gc-lib.dir\Debug\headers.obj
C:\Users\Alex\Desktop\AlterNative\Lib\build\gc\gc-lib.dir\Debug\mach_dep.obj
C:\Users\Alex\Desktop\AlterNative\Lib\build\gc\gc-lib.dir\Debug\malloc.obj
C:\Users\Alex\Desktop\AlterNative\Lib\build\gc\gc-lib.dir\Debug\mallocx.obj
C:\Users\Alex\Desktop\AlterNative\Lib\build\gc\gc-lib.dir\Debug\mark.obj
C:\Users\Alex\Desktop\AlterNative\Lib\build\gc\gc-lib.dir\Debug\mark_rts.obj
C:\Users\Alex\Desktop\AlterNative\Lib\build\gc\gc-lib.dir\Debug\misc.obj
C:\Users\Alex\Desktop\AlterNative\Lib\build\gc\gc-lib.dir\Debug\new_hblk.obj
C:\Users\Alex\Desktop\AlterNative\Lib\build\gc\gc-lib.dir\Debug\obj_map.obj
C:\Users\Alex\Desktop\AlterNative\Lib\build\gc\gc-lib.dir\Debug\os_dep.obj
C:\Users\Alex\Desktop\AlterNative\Lib\build\gc\gc-lib.dir\Debug\ptr_chck.obj
C:\Users\Alex\Desktop\AlterNative\Lib\build\gc\gc-lib.dir\Debug\reclaim.obj
C:\Users\Alex\Desktop\AlterNative\Lib\build\gc\gc-lib.dir\Debug\stubborn.obj
C:\Users\Alex\Desktop\AlterNative\Lib\build\gc\gc-lib.dir\Debug\thread_local_alloc.obj
C:\Users\Alex\Desktop\AlterNative\Lib\build\gc\gc-lib.dir\Debug\typd_mlc.obj
C:\Users\Alex\Desktop\AlterNative\Lib\build\gc\gc-lib.dir\Debug\cl.command.1.tlog
C:\Users\Alex\Desktop\AlterNative\Lib\build\gc\gc-lib.dir\Debug\CL.read.1.tlog
C:\Users\Alex\Desktop\AlterNative\Lib\build\gc\gc-lib.dir\Debug\CL.write.1.tlog
C:\Users\Alex\Desktop\AlterNative\Lib\build\gc\gc-lib.dir\Debug\custombuild.command.1.tlog
C:\Users\Alex\Desktop\AlterNative\Lib\build\gc\gc-lib.dir\Debug\custombuild.read.1.tlog
C:\Users\Alex\Desktop\AlterNative\Lib\build\gc\gc-lib.dir\Debug\custombuild.write.1.tlog
C:\Users\Alex\Desktop\AlterNative\Lib\build\gc\gc-lib.dir\Debug\Lib-link.read.1.tlog
C:\Users\Alex\Desktop\AlterNative\Lib\build\gc\gc-lib.dir\Debug\Lib-link.write.1.tlog
C:\Users\Alex\Desktop\AlterNative\Lib\build\gc\gc-lib.dir\Debug\lib.command.1.tlog
C:\Users\Alex\Desktop\AlterNative\Lib\build\gc\Debug\gc-lib.pdb
C:\Users\Alex\Desktop\AlterNative\Lib\build\gc\Debug\gc-lib.lib
